<?xml version="1.0" encoding="UTF-8"?>
<testsuite xmlns:xsi="http://www.w3.org/2001/XMLSchema-instance" xsi:noNamespaceSchemaLocation="https://maven.apache.org/surefire/maven-surefire-plugin/xsd/surefire-test-report.xsd" name="com.nt.order.microservice.dtos.CartInDTOTest" time="0.182" tests="11" errors="0" skipped="0" failures="0">
  <properties>
[...]
</properties>
  <testcase name="testInvalidPriceFormat" classname="com.nt.order.microservice.dtos.CartInDTOTest" time="0.016"/>
  <testcase name="testToString" classname="com.nt.order.microservice.dtos.CartInDTOTest" time="0.009"/>
  <testcase name="testEqualityAndHashCode" classname="com.nt.order.microservice.dtos.CartInDTOTest" time="0.008"/>
  <testcase name="testNullQuantity" classname="com.nt.order.microservice.dtos.CartInDTOTest" time="0.02"/>
  <testcase name="testNullRestaurantId" classname="com.nt.order.microservice.dtos.CartInDTOTest" time="0.018"/>
  <testcase name="testNullFoodItemId" classname="com.nt.order.microservice.dtos.CartInDTOTest" time="0.016"/>
  <testcase name="testNullUserId" classname="com.nt.order.microservice.dtos.CartInDTOTest" time="0.021"/>
  <testcase name="testInvalidPrice" classname="com.nt.order.microservice.dtos.CartInDTOTest" time="0.02"/>
  <testcase name="testInvalidQuantity" classname="com.nt.order.microservice.dtos.CartInDTOTest" time="0.014"/>
  <testcase name="testNullPrice" classname="com.nt.order.microservice.dtos.CartInDTOTest" time="0.016"/>
  <testcase name="testValidCartInDTO" classname="com.nt.order.microservice.dtos.CartInDTOTest" time="0.014"/>
</testsuite>